[debug] [2022-07-04T08:40:23.470Z] ----------------------------------------------------------------------
[debug] [2022-07-04T08:40:23.476Z] Command:       C:\Program Files\nodejs\node.exe C:\Users\sony\AppData\Roaming\npm\node_modules\firebase-tools\lib\bin\firebase.js init
[debug] [2022-07-04T08:40:23.477Z] CLI Version:   11.2.0
[debug] [2022-07-04T08:40:23.478Z] Platform:      win32
[debug] [2022-07-04T08:40:23.478Z] Node Version:  v16.15.1
[debug] [2022-07-04T08:40:23.482Z] Time:          Mon Jul 04 2022 11:40:23 GMT+0300 (East Africa Time)
[debug] [2022-07-04T08:40:23.483Z] ----------------------------------------------------------------------
[debug] 
[debug] [2022-07-04T08:40:23.590Z] > command requires scopes: ["email","openid","https://www.googleapis.com/auth/cloudplatformprojects.readonly","https://www.googleapis.com/auth/firebase","https://www.googleapis.com/auth/cloud-platform"]
[debug] [2022-07-04T08:40:23.591Z] > authorizing via signed-in user (tsantaniainarakotonjanahary@gmail.com)
[info] 
     ######## #### ########  ######## ########     ###     ######  ########
     ##        ##  ##     ## ##       ##     ##  ##   ##  ##       ##
     ######    ##  ########  ######   ########  #########  ######  ######
     ##        ##  ##    ##  ##       ##     ## ##     ##       ## ##
     ##       #### ##     ## ######## ########  ##     ##  ######  ########

You're about to initialize a Firebase project in this directory:

  C:\Users\sony\Documents\GitHub\MvolaDev

Before we get started, keep in mind:

  * You are initializing within an existing Firebase project directory

[info] 
=== Project Setup
[info] 
[info] First, let's associate this project directory with a Firebase project.
[info] You can create multiple project aliases by running firebase use --add, 
[info] but for now we'll just set up a default project.
[info] 
[debug] [2022-07-04T08:43:21.863Z] Using project from CLI flag: mvoladev
[debug] [2022-07-04T08:43:21.869Z] >>> [apiv2][query] GET https://firebase.googleapis.com/v1beta1/projects/mvoladev [none]
[debug] [2022-07-04T08:43:23.453Z] <<< [apiv2][status] GET https://firebase.googleapis.com/v1beta1/projects/mvoladev 200
[debug] [2022-07-04T08:43:23.453Z] <<< [apiv2][body] GET https://firebase.googleapis.com/v1beta1/projects/mvoladev {"projectId":"mvoladev","projectNumber":"1009323476753","displayName":"MvolaDev","name":"projects/mvoladev","resources":{"hostingSite":"mvoladev","storageBucket":"mvoladev.appspot.com","locationId":"us-central"},"state":"ACTIVE"}
[info] i  Using project mvoladev (MvolaDev) 
[info] 
=== Hosting Setup
[info] 
[info] Your public directory is the folder (relative to your project directory) that
[info] will contain Hosting assets to be uploaded with firebase deploy. If you
[info] have a build process for your assets, use your build's output directory.
[info] 
[info] +  Wrote buil/404.html 
[debug] [2022-07-04T08:43:41.293Z] >>> [apiv2][query] GET https://www.gstatic.com/firebasejs/releases.json [none]
[debug] [2022-07-04T08:43:42.155Z] <<< [apiv2][status] GET https://www.gstatic.com/firebasejs/releases.json 200
[debug] [2022-07-04T08:43:42.156Z] <<< [apiv2][body] GET https://www.gstatic.com/firebasejs/releases.json {"current":{"version":"9.8.4","browserURL":"https://www.gstatic.com/firebasejs/9.8.4/firebase.js","packageURL":"https://www.gstatic.com/firebasejs/9.8.4/firebase.tgz"},"live":{"version":"9.8","browserURL":"https://www.gstatic.com/firebasejs/live/9.8/firebase.js","packageURL":"https://www.gstatic.com/firebasejs/live/9.8/firebase.tgz"},"components":{"analytics":"https://www.gstatic.com/firebasejs/9.8.4/firebase-analytics.js","app":"https://www.gstatic.com/firebasejs/9.8.4/firebase-app.js","app-check":"https://www.gstatic.com/firebasejs/9.8.4/firebase-app-check.js","auth":"https://www.gstatic.com/firebasejs/9.8.4/firebase-auth.js","auth/cordova":"https://www.gstatic.com/firebasejs/9.8.4/firebase-auth/cordova.js","auth/react-native":"https://www.gstatic.com/firebasejs/9.8.4/firebase-auth/react-native.js","functions":"https://www.gstatic.com/firebasejs/9.8.4/firebase-functions.js","firestore":"https://www.gstatic.com/firebasejs/9.8.4/firebase-firestore.js","firestore/lite":"https://www.gstatic.com/firebasejs/9.8.4/firebase-firestore/lite.js","storage":"https://www.gstatic.com/firebasejs/9.8.4/firebase-storage.js","performance":"https://www.gstatic.com/firebasejs/9.8.4/firebase-performance.js","remote-config":"https://www.gstatic.com/firebasejs/9.8.4/firebase-remote-config.js","messaging":"https://www.gstatic.com/firebasejs/9.8.4/firebase-messaging.js","messaging/sw":"https://www.gstatic.com/firebasejs/9.8.4/firebase-messaging/sw.js","database":"https://www.gstatic.com/firebasejs/9.8.4/firebase-database.js","firestore.memory":"https://www.gstatic.com/firebasejs/9.8.4/firebase-firestore.memory.js"}}
[info] +  Wrote buil/index.html 
[info] 
[info] i  Detected a .git folder at C:\Users\sony\Documents\GitHub\MvolaDev 
[info] i  Authorizing with GitHub to upload your service account to a GitHub repository's secrets store. 
[info] 
[info] Visit this URL on this device to log in:
[info] https://github.com/login/oauth/authorize?client_id=89cf50f02ac6aaed3484&state=863511806&redirect_uri=http%3A%2F%2Flocalhost%3A9005&scope=read%3Auser%20repo%20public_repo
[info] 
[info] Waiting for authentication...
[debug] [2022-07-04T08:43:55.883Z] >>> [apiv2][query] POST https://github.com/login/oauth/access_token [none]
[debug] [2022-07-04T08:43:55.883Z] >>> [apiv2][body] POST https://github.com/login/oauth/access_token [stream]
[debug] [2022-07-04T08:43:57.028Z] <<< [apiv2][status] POST https://github.com/login/oauth/access_token 200
[debug] [2022-07-04T08:43:57.029Z] <<< [apiv2][body] POST https://github.com/login/oauth/access_token {"access_token":"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","token_type":"bearer","scope":"read:user,repo"}
[debug] [2022-07-04T08:43:57.043Z] >>> [apiv2][query] GET https://api.github.com/user [none]
[debug] [2022-07-04T08:43:57.927Z] <<< [apiv2][status] GET https://api.github.com/user 200
[debug] [2022-07-04T08:43:57.927Z] <<< [apiv2][body] GET https://api.github.com/user {"login":"tsantaniainarakotonjanahary","id":69953669,"node_id":"MDQ6VXNlcjY5OTUzNjY5","avatar_url":"https://avatars.githubusercontent.com/u/69953669?v=4","gravatar_id":"","url":"https://api.github.com/users/tsantaniainarakotonjanahary","html_url":"https://github.com/tsantaniainarakotonjanahary","followers_url":"https://api.github.com/users/tsantaniainarakotonjanahary/followers","following_url":"https://api.github.com/users/tsantaniainarakotonjanahary/following{/other_user}","gists_url":"https://api.github.com/users/tsantaniainarakotonjanahary/gists{/gist_id}","starred_url":"https://api.github.com/users/tsantaniainarakotonjanahary/starred{/owner}{/repo}","subscriptions_url":"https://api.github.com/users/tsantaniainarakotonjanahary/subscriptions","organizations_url":"https://api.github.com/users/tsantaniainarakotonjanahary/orgs","repos_url":"https://api.github.com/users/tsantaniainarakotonjanahary/repos","events_url":"https://api.github.com/users/tsantaniainarakotonjanahary/events{/privacy}","received_events_url":"https://api.github.com/users/tsantaniainarakotonjanahary/received_events","type":"User","site_admin":false,"name":"Tsantaniaina Rakotonjanahary","company":"Mokampany","blog":"","location":null,"email":null,"hireable":null,"bio":null,"twitter_username":null,"public_repos":8,"public_gists":0,"followers":1,"following":0,"created_at":"2020-08-20T05:47:27Z","updated_at":"2022-07-02T13:36:23Z","private_gists":0,"total_private_repos":2,"owned_private_repos":2,"disk_usage":511,"collaborators":0,"two_factor_authentication":false,"plan":{"name":"free","space":976562499,"collaborators":0,"private_repos":10000}}
[info] 
[info] +  Success! Logged into GitHub as tsantaniainarakotonjanahary 
[info] 
[debug] [2022-07-04T08:44:20.796Z] >>> [apiv2][query] GET https://api.github.com/repos//actions/secrets/public-key type=owner
[debug] [2022-07-04T08:44:21.689Z] <<< [apiv2][status] GET https://api.github.com/repos//actions/secrets/public-key 404
[debug] [2022-07-04T08:44:21.689Z] <<< [apiv2][body] GET https://api.github.com/repos//actions/secrets/public-key {"message":"Not Found","documentation_url":"https://docs.github.com/rest"}
[debug] [2022-07-04T08:44:25.315Z] >>> [apiv2][query] GET https://api.github.com/repos//actions/secrets/public-key type=owner
[debug] [2022-07-04T08:44:26.654Z] <<< [apiv2][status] GET https://api.github.com/repos//actions/secrets/public-key 404
[debug] [2022-07-04T08:44:26.654Z] <<< [apiv2][body] GET https://api.github.com/repos//actions/secrets/public-key {"message":"Not Found","documentation_url":"https://docs.github.com/rest"}
[debug] [2022-07-04T08:44:28.388Z] >>> [apiv2][query] GET https://api.github.com/repos/Y/actions/secrets/public-key type=owner
[debug] [2022-07-04T08:44:29.418Z] <<< [apiv2][status] GET https://api.github.com/repos/Y/actions/secrets/public-key 404
[debug] [2022-07-04T08:44:29.418Z] <<< [apiv2][body] GET https://api.github.com/repos/Y/actions/secrets/public-key {"message":"Not Found","documentation_url":"https://docs.github.com/rest"}
[debug] [2022-07-04T08:44:30.740Z] >>> [apiv2][query] GET https://api.github.com/repos//actions/secrets/public-key type=owner
[debug] [2022-07-04T08:44:32.224Z] <<< [apiv2][status] GET https://api.github.com/repos//actions/secrets/public-key 404
[debug] [2022-07-04T08:44:32.224Z] <<< [apiv2][body] GET https://api.github.com/repos//actions/secrets/public-key {"message":"Not Found","documentation_url":"https://docs.github.com/rest"}
